<?xml version="1.0" encoding="UTF-8"?>
<coverage generated="1673890811154" clover="3.2.0">
  <project timestamp="1673890811154" name="All files">
    <metrics statements="54" coveredstatements="45" conditionals="5" coveredconditionals="2" methods="15" coveredmethods="14" elements="74" coveredelements="61" complexity="0" loc="54" ncloc="54" packages="3" files="8" classes="8"/>
    <package name="src">
      <metrics statements="28" coveredstatements="21" conditionals="3" coveredconditionals="2" methods="7" coveredmethods="7"/>
      <file name="App.tsx" path="C:\Users\hp\Desktop\ReactApp\rtk-testing\src\App.tsx">
        <metrics statements="16" coveredstatements="16" conditionals="3" coveredconditionals="2" methods="6" coveredmethods="6"/>
        <line num="1" count="1" type="stmt"/>
        <line num="2" count="1" type="stmt"/>
        <line num="3" count="1" type="stmt"/>
        <line num="4" count="1" type="stmt"/>
        <line num="5" count="1" type="stmt"/>
        <line num="8" count="5" type="stmt"/>
        <line num="9" count="5" type="stmt"/>
        <line num="10" count="7" type="stmt"/>
        <line num="12" count="5" type="stmt"/>
        <line num="14" count="5" type="stmt"/>
        <line num="15" count="1" type="stmt"/>
        <line num="17" count="5" type="cond" truecount="1" falsecount="0"/>
        <line num="18" count="4" type="stmt"/>
        <line num="32" count="18" type="stmt"/>
        <line num="36" count="2" type="stmt"/>
        <line num="50" count="1" type="stmt"/>
      </file>
      <file name="main.tsx" path="C:\Users\hp\Desktop\ReactApp\rtk-testing\src\main.tsx">
        <metrics statements="7" coveredstatements="0" conditionals="0" coveredconditionals="0" methods="0" coveredmethods="0"/>
        <line num="1" count="0" type="stmt"/>
        <line num="2" count="0" type="stmt"/>
        <line num="3" count="0" type="stmt"/>
        <line num="4" count="0" type="stmt"/>
        <line num="5" count="0" type="stmt"/>
        <line num="6" count="0" type="stmt"/>
        <line num="8" count="0" type="stmt"/>
      </file>
      <file name="test-utils.tsx" path="C:\Users\hp\Desktop\ReactApp\rtk-testing\src\test-utils.tsx">
        <metrics statements="5" coveredstatements="5" conditionals="0" coveredconditionals="0" methods="1" coveredmethods="1"/>
        <line num="2" count="1" type="stmt"/>
        <line num="3" count="1" type="stmt"/>
        <line num="4" count="1" type="stmt"/>
        <line num="7" count="1" type="stmt"/>
        <line num="9" count="1" type="stmt"/>
      </file>
    </package>
    <package name="src.assets">
      <metrics statements="1" coveredstatements="1" conditionals="0" coveredconditionals="0" methods="0" coveredmethods="0"/>
      <file name="mockData.ts" path="C:\Users\hp\Desktop\ReactApp\rtk-testing\src\assets\mockData.ts">
        <metrics statements="1" coveredstatements="1" conditionals="0" coveredconditionals="0" methods="0" coveredmethods="0"/>
        <line num="1" count="1" type="stmt"/>
      </file>
    </package>
    <package name="src.redux">
      <metrics statements="25" coveredstatements="23" conditionals="2" coveredconditionals="0" methods="8" coveredmethods="7"/>
      <file name="api.ts" path="C:\Users\hp\Desktop\ReactApp\rtk-testing\src\redux\api.ts">
        <metrics statements="5" coveredstatements="5" conditionals="0" coveredconditionals="0" methods="2" coveredmethods="2"/>
        <line num="1" count="2" type="stmt"/>
        <line num="3" count="2" type="stmt"/>
        <line num="7" count="2" type="stmt"/>
        <line num="9" count="1" type="stmt"/>
        <line num="12" count="2" type="stmt"/>
      </file>
      <file name="hooks.ts" path="C:\Users\hp\Desktop\ReactApp\rtk-testing\src\redux\hooks.ts">
        <metrics statements="3" coveredstatements="3" conditionals="0" coveredconditionals="0" methods="1" coveredmethods="1"/>
        <line num="1" count="1" type="stmt"/>
        <line num="4" count="1" type="stmt"/>
        <line num="5" count="5" type="stmt"/>
      </file>
      <file name="productSlice.ts" path="C:\Users\hp\Desktop\ReactApp\rtk-testing\src\redux\productSlice.ts">
        <metrics statements="13" coveredstatements="11" conditionals="2" coveredconditionals="0" methods="5" coveredmethods="4"/>
        <line num="1" count="2" type="stmt"/>
        <line num="3" count="2" type="stmt"/>
        <line num="5" count="2" type="stmt"/>
        <line num="6" count="2" type="stmt"/>
        <line num="8" count="2" type="stmt"/>
        <line num="13" count="2" type="stmt"/>
        <line num="18" count="2" type="stmt"/>
        <line num="20" count="2" type="stmt"/>
        <line num="25" count="2" type="stmt"/>
        <line num="26" count="2" type="stmt"/>
        <line num="30" count="0" type="stmt"/>
        <line num="31" count="0" type="cond" truecount="0" falsecount="2"/>
        <line num="35" count="2" type="stmt"/>
      </file>
      <file name="store.ts" path="C:\Users\hp\Desktop\ReactApp\rtk-testing\src\redux\store.ts">
        <metrics statements="4" coveredstatements="4" conditionals="0" coveredconditionals="0" methods="0" coveredmethods="0"/>
        <line num="1" count="1" type="stmt"/>
        <line num="2" count="1" type="stmt"/>
        <line num="3" count="1" type="stmt"/>
        <line num="10" count="1" type="stmt"/>
      </file>
    </package>
  </project>
</coverage>
