{"C:\\Users\\hp\\Desktop\\ReactApp\\rtk-testing\\src\\App.tsx": {"path":"C:\\Users\\hp\\Desktop\\ReactApp\\rtk-testing\\src\\App.tsx","statementMap":{"0":{"start":{"line":1,"column":0},"end":{"line":1,"column":51}},"1":{"start":{"line":2,"column":0},"end":{"line":2,"column":43}},"2":{"start":{"line":3,"column":0},"end":{"line":3,"column":19}},"3":{"start":{"line":4,"column":0},"end":{"line":4,"column":52}},"4":{"start":{"line":5,"column":0},"end":{"line":5,"column":63}},"5":{"start":{"line":8,"column":28},"end":{"line":8,"column":39}},"6":{"start":{"line":9,"column":46},"end":{"line":10,"column":null}},"7":{"start":{"line":10,"column":15},"end":{"line":10,"column":29}},"8":{"start":{"line":12,"column":19},"end":{"line":12,"column":35}},"9":{"start":{"line":14,"column":2},"end":{"line":16,"column":9}},"10":{"start":{"line":15,"column":4},"end":{"line":15,"column":29}},"11":{"start":{"line":17,"column":2},"end":{"line":17,"column":46}},"12":{"start":{"line":17,"column":17},"end":{"line":17,"column":46}},"13":{"start":{"line":18,"column":2},"end":{"line":47,"column":4}},"14":{"start":{"line":32,"column":10},"end":{"line":32,"column":26}},"15":{"start":{"line":36,"column":31},"end":{"line":36,"column":61}},"16":{"start":{"line":36,"column":51},"end":{"line":36,"column":60}},"17":{"start":{"line":50,"column":0},"end":{"line":50,"column":19}}},"fnMap":{"0":{"name":"App","decl":{"start":{"line":7,"column":9},"end":{"line":7,"column":12}},"loc":{"start":{"line":7,"column":12},"end":{"line":48,"column":1}}},"1":{"name":"(anonymous_1)","decl":{"start":{"line":10,"column":4},"end":{"line":10,"column":5}},"loc":{"start":{"line":10,"column":15},"end":{"line":10,"column":29}}},"2":{"name":"(anonymous_2)","decl":{"start":{"line":14,"column":12},"end":{"line":14,"column":15}},"loc":{"start":{"line":14,"column":17},"end":{"line":16,"column":3}}},"3":{"name":"(anonymous_3)","decl":{"start":{"line":31,"column":22},"end":{"line":31,"column":23}},"loc":{"start":{"line":32,"column":10},"end":{"line":32,"column":26}}},"4":{"name":"(anonymous_4)","decl":{"start":{"line":36,"column":25},"end":{"line":36,"column":28}},"loc":{"start":{"line":36,"column":31},"end":{"line":36,"column":61}}},"5":{"name":"(anonymous_5)","decl":{"start":{"line":36,"column":40},"end":{"line":36,"column":41}},"loc":{"start":{"line":36,"column":51},"end":{"line":36,"column":60}}}},"branchMap":{"0":{"loc":{"start":{"line":17,"column":2},"end":{"line":17,"column":46}},"type":"if","locations":[{"start":{"line":17,"column":2},"end":{"line":17,"column":46}}]},"1":{"loc":{"start":{"line":20,"column":7},"end":{"line":20,"column":51}},"type":"binary-expr","locations":[{"start":{"line":20,"column":7},"end":{"line":20,"column":17}},{"start":{"line":20,"column":21},"end":{"line":20,"column":51}}]}},"s":{"0":1,"1":1,"2":1,"3":1,"4":1,"5":5,"6":5,"7":7,"8":5,"9":5,"10":1,"11":5,"12":1,"13":4,"14":18,"15":2,"16":2,"17":1},"f":{"0":5,"1":7,"2":1,"3":18,"4":2,"5":2},"b":{"0":[1],"1":[4,0]}}
,"C:\\Users\\hp\\Desktop\\ReactApp\\rtk-testing\\src\\main.tsx": {"path":"C:\\Users\\hp\\Desktop\\ReactApp\\rtk-testing\\src\\main.tsx","statementMap":{"0":{"start":{"line":1,"column":0},"end":{"line":1,"column":26}},"1":{"start":{"line":2,"column":0},"end":{"line":2,"column":40}},"2":{"start":{"line":3,"column":0},"end":{"line":3,"column":24}},"3":{"start":{"line":4,"column":0},"end":{"line":4,"column":21}},"4":{"start":{"line":5,"column":0},"end":{"line":5,"column":34}},"5":{"start":{"line":6,"column":0},"end":{"line":6,"column":39}},"6":{"start":{"line":8,"column":0},"end":{"line":14,"column":2}}},"fnMap":{},"branchMap":{},"s":{"0":0,"1":0,"2":0,"3":0,"4":0,"5":0,"6":0},"f":{},"b":{}}
,"C:\\Users\\hp\\Desktop\\ReactApp\\rtk-testing\\src\\test-utils.tsx": {"path":"C:\\Users\\hp\\Desktop\\ReactApp\\rtk-testing\\src\\test-utils.tsx","statementMap":{"0":{"start":{"line":2,"column":0},"end":{"line":2,"column":48}},"1":{"start":{"line":3,"column":0},"end":{"line":3,"column":34}},"2":{"start":{"line":4,"column":0},"end":{"line":4,"column":39}},"3":{"start":{"line":7,"column":2},"end":{"line":7,"column":55}},"4":{"start":{"line":9,"column":0},"end":{"line":9,"column":33}}},"fnMap":{"0":{"name":"renderWithContext","decl":{"start":{"line":6,"column":9},"end":{"line":6,"column":26}},"loc":{"start":{"line":6,"column":54},"end":{"line":8,"column":1}}}},"branchMap":{},"s":{"0":1,"1":1,"2":1,"3":1,"4":1},"f":{"0":1},"b":{}}
,"C:\\Users\\hp\\Desktop\\ReactApp\\rtk-testing\\src\\assets\\mockData.ts": {"path":"C:\\Users\\hp\\Desktop\\ReactApp\\rtk-testing\\src\\assets\\mockData.ts","statementMap":{"0":{"start":{"line":1,"column":13},"end":{"line":16,"column":2}}},"fnMap":{},"branchMap":{},"s":{"0":1},"f":{},"b":{}}
,"C:\\Users\\hp\\Desktop\\ReactApp\\rtk-testing\\src\\redux\\api.ts": {"path":"C:\\Users\\hp\\Desktop\\ReactApp\\rtk-testing\\src\\redux\\api.ts","statementMap":{"0":{"start":{"line":1,"column":0},"end":{"line":1,"column":26}},"1":{"start":{"line":3,"column":12},"end":{"line":5,"column":2}},"2":{"start":{"line":7,"column":23},"end":{"line":11,"column":2}},"3":{"start":{"line":9,"column":4},"end":{"line":9,"column":66}},"4":{"start":{"line":9,"column":48},"end":{"line":9,"column":64}},"5":{"start":{"line":12,"column":0},"end":{"line":12,"column":30}}},"fnMap":{"0":{"name":"(anonymous_0)","decl":{"start":{"line":8,"column":2},"end":{"line":8,"column":7}},"loc":{"start":{"line":8,"column":18},"end":{"line":10,"column":3}}},"1":{"name":"(anonymous_1)","decl":{"start":{"line":9,"column":36},"end":{"line":9,"column":37}},"loc":{"start":{"line":9,"column":48},"end":{"line":9,"column":64}}}},"branchMap":{},"s":{"0":2,"1":2,"2":2,"3":1,"4":1,"5":2},"f":{"0":1,"1":1},"b":{}}
,"C:\\Users\\hp\\Desktop\\ReactApp\\rtk-testing\\src\\redux\\hooks.ts": {"path":"C:\\Users\\hp\\Desktop\\ReactApp\\rtk-testing\\src\\redux\\hooks.ts","statementMap":{"0":{"start":{"line":1,"column":0},"end":{"line":1,"column":77}},"1":{"start":{"line":4,"column":13},"end":{"line":4,"column":75}},"2":{"start":{"line":5,"column":30},"end":{"line":5,"column":62}},"3":{"start":{"line":5,"column":36},"end":{"line":5,"column":62}},"4":{"start":{"line":5,"column":13},"end":{"line":5,"column":30}}},"fnMap":{"0":{"name":"(anonymous_0)","decl":{"start":{"line":5,"column":30},"end":{"line":5,"column":33}},"loc":{"start":{"line":5,"column":36},"end":{"line":5,"column":62}}}},"branchMap":{},"s":{"0":1,"1":1,"2":1,"3":5,"4":1},"f":{"0":5},"b":{}}
,"C:\\Users\\hp\\Desktop\\ReactApp\\rtk-testing\\src\\redux\\productSlice.ts": {"path":"C:\\Users\\hp\\Desktop\\ReactApp\\rtk-testing\\src\\redux\\productSlice.ts","statementMap":{"0":{"start":{"line":1,"column":0},"end":{"line":1,"column":80}},"1":{"start":{"line":3,"column":0},"end":{"line":3,"column":35}},"2":{"start":{"line":5,"column":13},"end":{"line":7,"column":3}},"3":{"start":{"line":6,"column":2},"end":{"line":6,"column":43}},"4":{"start":{"line":8,"column":21},"end":{"line":12,"column":2}},"5":{"start":{"line":13,"column":21},"end":{"line":34,"column":2}},"6":{"start":{"line":18,"column":4},"end":{"line":32,"column":9}},"7":{"start":{"line":20,"column":8},"end":{"line":20,"column":31}},"8":{"start":{"line":25,"column":10},"end":{"line":25,"column":34}},"9":{"start":{"line":26,"column":10},"end":{"line":26,"column":42}},"10":{"start":{"line":30,"column":8},"end":{"line":30,"column":32}},"11":{"start":{"line":31,"column":8},"end":{"line":31,"column":54}},"12":{"start":{"line":35,"column":0},"end":{"line":35,"column":36}}},"fnMap":{"0":{"name":"(anonymous_0)","decl":{"start":{"line":5,"column":62},"end":{"line":5,"column":67}},"loc":{"start":{"line":5,"column":73},"end":{"line":7,"column":1}}},"1":{"name":"(anonymous_1)","decl":{"start":{"line":17,"column":2},"end":{"line":17,"column":15}},"loc":{"start":{"line":17,"column":23},"end":{"line":33,"column":3}}},"2":{"name":"(anonymous_2)","decl":{"start":{"line":19,"column":37},"end":{"line":19,"column":38}},"loc":{"start":{"line":19,"column":47},"end":{"line":21,"column":7}}},"3":{"name":"(anonymous_3)","decl":{"start":{"line":24,"column":8},"end":{"line":24,"column":9}},"loc":{"start":{"line":24,"column":53},"end":{"line":27,"column":9}}},"4":{"name":"(anonymous_4)","decl":{"start":{"line":29,"column":38},"end":{"line":29,"column":39}},"loc":{"start":{"line":29,"column":56},"end":{"line":32,"column":7}}}},"branchMap":{"0":{"loc":{"start":{"line":31,"column":27},"end":{"line":31,"column":53}},"type":"binary-expr","locations":[{"start":{"line":31,"column":27},"end":{"line":31,"column":47}},{"start":{"line":31,"column":51},"end":{"line":31,"column":53}}]}},"s":{"0":2,"1":2,"2":2,"3":2,"4":2,"5":2,"6":2,"7":2,"8":2,"9":2,"10":0,"11":0,"12":2},"f":{"0":2,"1":2,"2":2,"3":2,"4":0},"b":{"0":[0,0]}}
,"C:\\Users\\hp\\Desktop\\ReactApp\\rtk-testing\\src\\redux\\store.ts": {"path":"C:\\Users\\hp\\Desktop\\ReactApp\\rtk-testing\\src\\redux\\store.ts","statementMap":{"0":{"start":{"line":1,"column":0},"end":{"line":1,"column":50}},"1":{"start":{"line":2,"column":0},"end":{"line":2,"column":44}},"2":{"start":{"line":3,"column":14},"end":{"line":7,"column":2}},"3":{"start":{"line":10,"column":0},"end":{"line":10,"column":21}}},"fnMap":{},"branchMap":{},"s":{"0":1,"1":1,"2":1,"3":1},"f":{},"b":{}}
}
