TN:
SF:src\App.tsx
FN:7,App
FN:10,(anonymous_1)
FN:14,(anonymous_2)
FN:31,(anonymous_3)
FN:36,(anonymous_4)
FN:36,(anonymous_5)
FNF:6
FNH:6
FNDA:5,App
FNDA:7,(anonymous_1)
FNDA:1,(anonymous_2)
FNDA:18,(anonymous_3)
FNDA:2,(anonymous_4)
FNDA:2,(anonymous_5)
DA:1,1
DA:2,1
DA:3,1
DA:4,1
DA:5,1
DA:8,5
DA:9,5
DA:10,7
DA:12,5
DA:14,5
DA:15,1
DA:17,5
DA:18,4
DA:32,18
DA:36,2
DA:50,1
LF:16
LH:16
BRDA:17,0,0,1
BRDA:20,1,0,4
BRDA:20,1,1,0
BRF:3
BRH:2
end_of_record
TN:
SF:src\main.tsx
FNF:0
FNH:0
DA:1,0
DA:2,0
DA:3,0
DA:4,0
DA:5,0
DA:6,0
DA:8,0
LF:7
LH:0
BRF:0
BRH:0
end_of_record
TN:
SF:src\test-utils.tsx
FN:6,renderWithContext
FNF:1
FNH:1
FNDA:1,renderWithContext
DA:2,1
DA:3,1
DA:4,1
DA:7,1
DA:9,1
LF:5
LH:5
BRF:0
BRH:0
end_of_record
TN:
SF:src\assets\mockData.ts
FNF:0
FNH:0
DA:1,1
LF:1
LH:1
BRF:0
BRH:0
end_of_record
TN:
SF:src\redux\api.ts
FN:8,(anonymous_0)
FN:9,(anonymous_1)
FNF:2
FNH:2
FNDA:1,(anonymous_0)
FNDA:1,(anonymous_1)
DA:1,2
DA:3,2
DA:7,2
DA:9,1
DA:12,2
LF:5
LH:5
BRF:0
BRH:0
end_of_record
TN:
SF:src\redux\hooks.ts
FN:5,(anonymous_0)
FNF:1
FNH:1
FNDA:5,(anonymous_0)
DA:1,1
DA:4,1
DA:5,5
LF:3
LH:3
BRF:0
BRH:0
end_of_record
TN:
SF:src\redux\productSlice.ts
FN:5,(anonymous_0)
FN:17,(anonymous_1)
FN:19,(anonymous_2)
FN:24,(anonymous_3)
FN:29,(anonymous_4)
FNF:5
FNH:4
FNDA:2,(anonymous_0)
FNDA:2,(anonymous_1)
FNDA:2,(anonymous_2)
FNDA:2,(anonymous_3)
FNDA:0,(anonymous_4)
DA:1,2
DA:3,2
DA:5,2
DA:6,2
DA:8,2
DA:13,2
DA:18,2
DA:20,2
DA:25,2
DA:26,2
DA:30,0
DA:31,0
DA:35,2
LF:13
LH:11
BRDA:31,0,0,0
BRDA:31,0,1,0
BRF:2
BRH:0
end_of_record
TN:
SF:src\redux\store.ts
FNF:0
FNH:0
DA:1,1
DA:2,1
DA:3,1
DA:10,1
LF:4
LH:4
BRF:0
BRH:0
end_of_record
